<?xml version="1.0" encoding="UTF-8"?>
<!-- Generated by org.testng.reporters.JUnitReportReporter -->
<testsuite hostname="LAPTOP-056FM3MC" failures="0" tests="3" name="assignments.Assignment1" time="13.674" errors="0" timestamp="2021-12-29T17:07:42 IST" skipped="0">
  <testcase classname="assignments.Assignment1" name="navigateTo" time="0.927"/>
  <system-out/>
  <testcase classname="assignments.Assignment1" name="verifyValidLogin" time="8.742"/>
  <system-out/>
  <testcase classname="assignments.Assignment1" name="postMsg" time="4.005"/>
  <system-out/>
</testsuite> <!-- assignments.Assignment1 -->
